<?xml version="1.0" encoding="UTF-8"?>
<testng-results ignored="0" total="1" passed="1" failed="0" skipped="0">
  <reporter-output>
  </reporter-output>
  <suite started-at="2022-03-03T14:25:21 EAT" name="Default suite" finished-at="2022-03-03T14:25:24 EAT" duration-ms="3869">
    <groups>
    </groups>
    <test started-at="2022-03-03T14:25:21 EAT" name="Default test" finished-at="2022-03-03T14:25:24 EAT" duration-ms="3869">
      <class name="tests.testSoapXML">
        <test-method signature="validateSoapXml()[pri:0, instance:tests.testSoapXML@120f102b]" started-at="2022-03-03T14:25:21 EAT" name="validateSoapXml" finished-at="2022-03-03T14:25:24 EAT" duration-ms="3817" status="PASS">
          <reporter-output>
          </reporter-output>
        </test-method> <!-- validateSoapXml -->
      </class> <!-- tests.testSoapXML -->
    </test> <!-- Default test -->
  </suite> <!-- Default suite -->
</testng-results>
